DEPRECATED! use 'adapter speed' not 'adapter_khz'
DEPRECATED! use 'adapter srst pulse_width' not 'adapter_nsrst_assert_width'
DEPRECATED! use 'adapter driver' not 'interface'
Info : Using libusb driver
Info : ftdi: if you experience problems at higher adapter clocks, try the command "ftdi_tdo_sample_edge falling"
Info : clock speed 10000 kHz
Info : JTAG tap: riscv.cpu tap/device found: 0x1000563d (mfg: 0x31e (Andes Technology Corporation), part: 0x0005, ver: 0x1)
Info : JTAG tap: auto0.tap tap/device found: 0x790007a3 (mfg: 0x3d1 (GigaDevice Semiconductor (Beijing) Inc), part: 0x9000, ver: 0x7)
Warn : AUTO auto0.tap - use "jtag newtap auto0 tap -irlen 5 -expected-id 0x790007a3"
Info : datacount=4 progbufsize=2
Info : Examined RISC-V core; found 1 harts
Info :  hart 0: XLEN=32, misa=0x40901105
Info : starting gdb server for riscv.cpu on pipe
Info : Listening on port 6666 for tcl connections
Info : Listening on port 4444 for telnet connections
Info : accepting 'gdb' connection from pipe
Info : device id = 0x19060410
Info : flash_size_in_kb = 0x00000080
Info : flash size = 128kbytes
Warn : Prefer GDB command "target extended-remote :pipe" instead of "target remote :pipe"
Info : JTAG tap: riscv.cpu tap/device found: 0x1000563d (mfg: 0x31e (Andes Technology Corporation), part: 0x0005, ver: 0x1)
Info : JTAG tap: auto0.tap tap/device found: 0x790007a3 (mfg: 0x3d1 (GigaDevice Semiconductor (Beijing) Inc), part: 0x9000, ver: 0x7)
Info : Padding image section 0 at 0x080002f4 with 12 bytes
Info : Padding image section 1 at 0x0800aff2 with 2 bytes
Info : JTAG tap: riscv.cpu tap/device found: 0x1000563d (mfg: 0x31e (Andes Technology Corporation), part: 0x0005, ver: 0x1)
Info : JTAG tap: auto0.tap tap/device found: 0x790007a3 (mfg: 0x3d1 (GigaDevice Semiconductor (Beijing) Inc), part: 0x9000, ver: 0x7)
Error: DMI operation didn't complete in 2 seconds. The target is either really slow or broken. You could increase the timeout with riscv set_command_timeout_sec.
